[2024-05-26 03:01:49] INFO: Installing WordPress...
[2024-05-26 03:35:09] INFO: Installing WordPress...
[2024-05-26 03:48:08] INFO: Installing WordPress...
[2024-05-26 04:00:26] INFO: Installing MySQL...
[2024-05-26 04:00:26] INFO: Securing MySQL installation...
[2024-05-26 04:05:10] INFO: Installing MySQL...
[2024-05-26 04:05:10] INFO: Securing MySQL installation...
[2024-05-26 04:05:10] INFO: Creating WordPress database and user...
[2024-05-26 04:08:24] INFO: Installing MySQL...
[2024-05-26 04:08:25] INFO: Securing MySQL installation...
[2024-05-26 04:10:34] INFO: Installing MySQL...
[2024-05-26 04:10:34] INFO: Securing MySQL installation...
[2024-05-26 04:10:34] INFO: Creating WordPress database and user...
[2024-05-26 04:10:34] INFO: Verifying MySQL is running...
[2024-05-26 04:10:34] INFO: MySQL installation completed successfully.
[2024-05-26 04:10:34] INFO: Installing WordPress...
[2024-05-26 04:10:38] INFO: Activating storefront theme...
[2024-05-26 04:14:19] INFO: Installing MySQL...
[2024-05-26 04:14:19] INFO: Securing MySQL installation...
[2024-05-26 04:17:02] INFO: Installing MySQL...
[2024-05-26 04:17:02] INFO: Securing MySQL installation...
[2024-05-26 04:17:02] INFO: Creating WordPress database and user...
[2024-05-26 04:17:02] INFO: Verifying MySQL is running...
[2024-05-26 04:17:02] INFO: MySQL installation completed successfully.
[2024-05-26 04:17:03] INFO: Installing WordPress...
[2024-05-26 04:17:06] INFO: Installing storefront theme...
[2024-05-26 04:17:10] INFO: Activating storefront theme...
[2024-05-26 04:17:11] INFO: Installation et activation de WooCommerce...
[2024-05-26 04:19:11] INFO: Installing MySQL...
[2024-05-26 04:19:11] INFO: Securing MySQL installation...
[2024-05-26 04:21:33] INFO: Installing MySQL...
[2024-05-26 04:21:33] INFO: Securing MySQL installation...
[2024-05-26 04:21:33] INFO: Creating WordPress database and user...
[2024-05-26 04:21:33] INFO: Verifying MySQL is running...
[2024-05-26 04:21:33] INFO: MySQL installation completed successfully.
[2024-05-26 04:21:34] INFO: Installing WordPress...
[2024-05-26 04:21:39] INFO: Installing storefront theme...
[2024-05-26 04:21:43] INFO: Activating storefront theme...
[2024-05-26 04:21:43] INFO: Installation et activation de WooCommerce...
[2024-05-26 04:23:36] INFO: Installing MySQL...
[2024-05-26 04:23:36] INFO: Securing MySQL installation...
[2024-05-26 04:23:36] INFO: Creating WordPress database and user...
[2024-05-26 04:23:36] INFO: Verifying MySQL is running...
[2024-05-26 04:23:36] INFO: MySQL installation completed successfully.
[2024-05-26 04:23:37] INFO: Installing WordPress...
[2024-05-26 04:25:52] INFO: Installing MySQL...
[2024-05-26 04:25:52] INFO: Securing MySQL installation...
[2024-05-26 04:25:52] INFO: Creating WordPress database and user...
[2024-05-26 04:25:52] INFO: Verifying MySQL is running...
[2024-05-26 04:25:52] INFO: MySQL installation completed successfully.
[2024-05-26 04:25:53] INFO: WordPress is already installed. Skipping WordPress installation.
[2024-05-26 04:25:53] INFO: The storefront theme is already installed. Skipping theme installation.
[2024-05-26 04:25:53] INFO: Installation et activation de WooCommerce...
[2024-05-26 04:25:59] INFO: Configuration de WooCommerce...
[2024-05-26 04:26:02] INFO: Generating API keys...
[2024-05-26 04:28:12] INFO: Installing MySQL...
[2024-05-26 04:28:13] INFO: Securing MySQL installation...
[2024-05-26 04:28:13] INFO: Creating WordPress database and user...
[2024-05-26 04:28:13] INFO: Verifying MySQL is running...
[2024-05-26 04:28:13] INFO: MySQL installation completed successfully.
[2024-05-26 04:28:13] INFO: WordPress is already installed. Skipping WordPress installation.
[2024-05-26 04:28:14] INFO: The storefront theme is already installed. Skipping theme installation.
[2024-05-26 04:28:14] INFO: Installation et activation de WooCommerce...
[2024-05-26 04:28:18] INFO: Configuration de WooCommerce...
[2024-05-26 04:28:20] INFO: Generating API keys...
[2024-05-26 04:29:41] INFO: Installing MySQL...
[2024-05-26 04:29:42] INFO: Securing MySQL installation...
[2024-05-26 04:29:42] INFO: Creating WordPress database and user...
[2024-05-26 04:29:42] INFO: Verifying MySQL is running...
[2024-05-26 04:29:42] INFO: MySQL installation completed successfully.
[2024-05-26 04:29:43] INFO: WordPress is already installed. Skipping WordPress installation.
[2024-05-26 04:29:43] INFO: The storefront theme is already installed. Skipping theme installation.
[2024-05-26 04:29:43] INFO: Installation et activation de WooCommerce...
[2024-05-26 04:29:47] INFO: Configuration de WooCommerce...
[2024-05-26 04:29:50] INFO: Generating API keys...
[2024-05-26 04:30:48] INFO: Installing MySQL...
[2024-05-26 04:30:48] INFO: Securing MySQL installation...
[2024-05-26 04:30:48] INFO: Creating WordPress database and user...
[2024-05-26 04:30:48] INFO: Verifying MySQL is running...
[2024-05-26 04:30:48] INFO: MySQL installation completed successfully.
[2024-05-26 04:30:49] INFO: WordPress is already installed. Skipping WordPress installation.
[2024-05-26 04:30:49] INFO: The storefront theme is already installed. Skipping theme installation.
[2024-05-26 04:30:49] INFO: Installation et activation de WooCommerce...
[2024-05-26 04:30:53] INFO: Configuration de WooCommerce...
[2024-05-26 04:30:56] INFO: Generating API keys...
[2024-05-26 04:30:57] INFO: API keys generated successfully
[2024-05-26 04:30:59] INFO: Updating security keys...
[2024-05-26 04:30:59] INFO: Disabling debug mode...
[2024-05-26 04:30:59] INFO: Backing up the database...
[2024-05-26 04:38:20] INFO: Installing MySQL...
[2024-05-26 04:38:20] INFO: Securing MySQL installation...
[2024-05-26 04:38:20] INFO: Creating WordPress database and user...
[2024-05-26 04:38:20] INFO: Verifying MySQL is running...
[2024-05-26 04:38:20] INFO: MySQL installation completed successfully.
[2024-05-26 04:38:21] INFO: WordPress is already installed. Skipping WordPress installation.
[2024-05-26 04:38:21] INFO: The storefront theme is already installed. Skipping theme installation.
[2024-05-26 04:38:22] INFO: Installation et activation de WooCommerce...
[2024-05-26 04:38:25] INFO: Configuration de WooCommerce...
[2024-05-26 04:38:28] INFO: Generating API keys...
[2024-05-26 04:38:30] INFO: API keys generated successfully
[2024-05-26 04:38:31] INFO: Testing API credentials...
[2024-05-26 04:38:31] ERROR: Error: API credentials are invalid or not working correctly.
[2024-05-26 04:42:28] INFO: Installing MySQL...
[2024-05-26 04:42:28] INFO: Securing MySQL installation...
[2024-05-26 04:42:28] INFO: Creating WordPress database and user...
[2024-05-26 04:42:28] INFO: Verifying MySQL is running...
[2024-05-26 04:42:28] INFO: MySQL installation completed successfully.
[2024-05-26 04:42:29] INFO: WordPress is already installed. Skipping WordPress installation.
[2024-05-26 04:42:29] INFO: The storefront theme is already installed. Skipping theme installation.
[2024-05-26 04:42:30] INFO: Installation et activation de WooCommerce...
[2024-05-26 04:42:33] INFO: Configuration de WooCommerce...
[2024-05-26 04:42:36] INFO: Generating API keys...
[2024-05-26 04:42:38] INFO: API keys generated successfully
[2024-05-26 04:44:37] INFO: Installing MySQL...
[2024-05-26 04:44:37] INFO: Securing MySQL installation...
[2024-05-26 04:44:37] INFO: Creating WordPress database and user...
[2024-05-26 04:44:37] INFO: Verifying MySQL is running...
[2024-05-26 04:44:37] INFO: MySQL installation completed successfully.
[2024-05-26 04:44:38] INFO: WordPress is already installed. Skipping WordPress installation.
[2024-05-26 04:44:39] INFO: The storefront theme is already installed. Skipping theme installation.
[2024-05-26 04:44:39] INFO: Installation et activation de WooCommerce...
[2024-05-26 04:44:42] INFO: Configuration de WooCommerce...
[2024-05-26 04:44:45] INFO: Generating API keys...
[2024-05-26 04:44:47] INFO: API keys generated successfully
[2024-05-26 04:44:48] INFO: WooCommerce API keys created successfully
[2024-05-26 04:44:48] INFO: Testing API credentials...
[2024-05-26 04:44:49] ERROR: Error: API credentials are invalid or not working correctly.
[2024-05-26 04:46:54] INFO: Installing MySQL...
[2024-05-26 04:46:54] INFO: Securing MySQL installation...
[2024-05-26 04:46:54] INFO: Creating WordPress database and user...
[2024-05-26 04:46:54] INFO: Verifying MySQL is running...
[2024-05-26 04:46:54] INFO: MySQL installation completed successfully.
[2024-05-26 04:46:55] INFO: WordPress is already installed. Skipping WordPress installation.
[2024-05-26 04:46:55] INFO: The storefront theme is already installed. Skipping theme installation.
[2024-05-26 04:46:56] INFO: Installation et activation de WooCommerce...
[2024-05-26 04:46:59] INFO: Configuration de WooCommerce...
[2024-05-26 04:47:02] INFO: Generating API keys...
[2024-05-26 04:47:04] INFO: API keys generated successfully
[2024-05-26 04:47:06] INFO: WooCommerce API keys created successfully
[2024-05-26 04:47:06] INFO: Testing API credentials...
[2024-05-26 04:47:06] ERROR: Error: API credentials are invalid or not working correctly. HTTP status code: 404
[2024-05-26 04:51:04] INFO: Installing MySQL...
[2024-05-26 04:51:05] INFO: Securing MySQL installation...
[2024-05-26 04:51:05] INFO: Creating WordPress database and user...
[2024-05-26 04:51:05] INFO: Verifying MySQL is running...
[2024-05-26 04:51:05] INFO: MySQL installation completed successfully.
[2024-05-26 04:51:05] INFO: WordPress is already installed. Skipping WordPress installation.
[2024-05-26 04:51:06] INFO: The storefront theme is already installed. Skipping theme installation.
[2024-05-26 04:51:06] INFO: Installation et activation de WooCommerce...
[2024-05-26 04:51:10] INFO: Configuration de WooCommerce...
[2024-05-26 04:51:14] INFO: Generating API keys...
[2024-05-26 04:51:15] INFO: API keys generated successfully
[2024-05-26 04:51:17] INFO: WooCommerce API keys created successfully
[2024-05-26 04:51:19] INFO: Testing API credentials...
[2024-05-26 04:51:19] ERROR: Error: API credentials are invalid or not working correctly. HTTP status code: 404
[2024-05-26 04:53:07] INFO: Installing MySQL...
[2024-05-26 04:53:07] INFO: Securing MySQL installation...
[2024-05-26 04:53:07] INFO: Creating WordPress database and user...
[2024-05-26 04:53:07] INFO: Verifying MySQL is running...
[2024-05-26 04:53:07] INFO: MySQL installation completed successfully.
[2024-05-26 04:53:08] INFO: WordPress is already installed. Skipping WordPress installation.
[2024-05-26 04:53:08] INFO: The storefront theme is already installed. Skipping theme installation.
[2024-05-26 04:53:08] INFO: Installation et activation de WooCommerce...
[2024-05-26 04:53:12] INFO: Configuration de WooCommerce...
[2024-05-26 04:53:15] INFO: Generating API keys...
[2024-05-26 04:53:16] INFO: API keys generated successfully
[2024-05-26 04:53:18] INFO: WooCommerce API keys created successfully
[2024-05-26 04:53:20] ERROR: Error: WooCommerce REST API is not enabled.
[2024-05-26 04:55:43] INFO: Installing MySQL...
[2024-05-26 04:55:43] INFO: Securing MySQL installation...
[2024-05-26 04:55:43] INFO: Creating WordPress database and user...
[2024-05-26 04:55:43] INFO: Verifying MySQL is running...
[2024-05-26 04:55:43] INFO: MySQL installation completed successfully.
[2024-05-26 04:55:44] INFO: WordPress is already installed. Skipping WordPress installation.
[2024-05-26 04:55:44] INFO: The storefront theme is already installed. Skipping theme installation.
[2024-05-26 04:55:44] INFO: Installation et activation de WooCommerce...
[2024-05-26 04:55:48] INFO: Configuration de WooCommerce...
[2024-05-26 04:55:51] INFO: Generating API keys...
[2024-05-26 04:55:52] INFO: API keys generated successfully
[2024-05-26 04:55:54] INFO: WooCommerce API keys created successfully
[2024-05-26 04:55:55] ERROR: Error: WooCommerce REST API is not enabled.
[2024-05-26 04:55:56] INFO: Testing API credentials...
[2024-05-26 04:55:56] ERROR: Error: API credentials are invalid or not working correctly. HTTP status code: 404
[2024-05-26 04:57:50] INFO: Installing MySQL...
[2024-05-26 04:57:50] INFO: Securing MySQL installation...
[2024-05-26 04:57:50] INFO: Creating WordPress database and user...
[2024-05-26 04:57:50] INFO: Verifying MySQL is running...
[2024-05-26 04:57:50] INFO: MySQL installation completed successfully.
[2024-05-26 04:57:51] INFO: WordPress is already installed. Skipping WordPress installation.
[2024-05-26 04:57:51] INFO: The storefront theme is already installed. Skipping theme installation.
[2024-05-26 04:57:52] INFO: Installation et activation de WooCommerce...
[2024-05-26 04:57:55] INFO: Configuration de WooCommerce...
[2024-05-26 04:57:58] INFO: Generating API keys...
[2024-05-26 04:57:59] INFO: API keys generated successfully
[2024-05-26 04:58:04] INFO: WooCommerce API keys created successfully
[2024-05-26 04:58:10] ERROR: REST API is not responding. Response code: 404
[2024-05-26 05:07:02] INFO: Installing MySQL...
[2024-05-26 05:07:02] INFO: Securing MySQL installation...
[2024-05-26 05:07:02] INFO: Creating WordPress database and user...
[2024-05-26 05:07:02] INFO: Verifying MySQL is running...
[2024-05-26 05:07:02] INFO: MySQL installation completed successfully.
[2024-05-26 05:07:03] INFO: WordPress is already installed. Skipping WordPress installation.
[2024-05-26 05:07:04] INFO: The storefront theme is already installed. Skipping theme installation.
[2024-05-26 05:07:04] INFO: Installation et activation de WooCommerce...
[2024-05-26 05:07:08] INFO: Configuration de WooCommerce...
[2024-05-26 05:07:11] ERROR: Error: WordPress is not accessible at http://localhost:8181/wordpress
[2024-05-26 05:10:11] INFO: Installing MySQL...
[2024-05-26 05:10:11] INFO: Securing MySQL installation...
[2024-05-26 05:10:11] INFO: Creating WordPress database and user...
[2024-05-26 05:10:11] INFO: Verifying MySQL is running...
[2024-05-26 05:10:11] INFO: MySQL installation completed successfully.
[2024-05-26 05:10:12] INFO: WordPress is already installed. Skipping WordPress installation.
[2024-05-26 05:10:12] INFO: The storefront theme is already installed. Skipping theme installation.
[2024-05-26 05:10:13] INFO: Installation et activation de WooCommerce...
[2024-05-26 05:10:16] INFO: Configuration de WooCommerce...
[2024-05-26 05:10:19] ERROR: Error: WordPress is not installed in /var/www/html/wordpress
[2024-05-26 05:13:21] INFO: Installing MySQL...
[2024-05-26 05:13:22] INFO: Securing MySQL installation...
[2024-05-26 05:13:22] INFO: Creating WordPress database and user...
[2024-05-26 05:13:22] INFO: Verifying MySQL is running...
[2024-05-26 05:13:22] INFO: MySQL installation completed successfully.
[2024-05-26 05:13:22] INFO: WordPress is already installed. Skipping WordPress installation.
[2024-05-26 05:13:23] INFO: The storefront theme is already installed. Skipping theme installation.
[2024-05-26 05:13:23] INFO: Installation et activation de WooCommerce...
[2024-05-26 05:13:27] INFO: Configuration de WooCommerce...
[2024-05-26 05:13:30] INFO: Configuring Apache to serve WordPress from /var/www/html/wordpress...
[2024-05-26 05:13:30] ERROR: Error: WordPress is not installed in /var/www/html/wordpress
[2024-05-26 05:26:35] INFO: Installing MySQL...
[2024-05-26 05:26:35] INFO: Securing MySQL installation...
[2024-05-26 05:26:35] INFO: Creating WordPress database and user...
[2024-05-26 05:26:35] INFO: Verifying MySQL is running...
[2024-05-26 05:26:35] INFO: MySQL installation completed successfully.
[2024-05-26 05:26:36] INFO: WP-CLI found in /usr/local/bin/
[2024-05-26 05:26:36] INFO: Installing WordPress...
[2024-05-26 05:29:32] INFO: Installing MySQL...
[2024-05-26 05:29:32] INFO: Securing MySQL installation...
[2024-05-26 05:29:32] INFO: Creating WordPress database and user...
[2024-05-26 05:29:32] INFO: Verifying MySQL is running...
[2024-05-26 05:29:32] INFO: MySQL installation completed successfully.
[2024-05-26 05:29:33] INFO: WP-CLI installed successfully
[2024-05-26 05:29:33] INFO: Configuring Apache to serve WordPress from /var/www/html/wordpress...
[2024-05-26 05:29:33] INFO: Installing WordPress...
[2024-05-26 05:29:36] INFO: Enabling mod_rewrite...
[2024-05-26 05:29:36] INFO: Updating WordPress directory ownership...
